
╔══════════════════════════════════════════════════════════════════╗
║     Multithreaded Swift Client Test Suite                       ║
║     Queue-based Concurrent Operations Demo                      ║
╚══════════════════════════════════════════════════════════════════╝
    

======================================================================
  Initializing Multithreaded Swift Client
======================================================================
✓ Client initialized with 1000 worker threads (MASSIVE SCALE)
  Server URL: http://localhost:8080
  Account: mt_demo_account

======================================================================
  Starting Worker Threads
======================================================================
✓ 1000 worker threads started

======================================================================
  Test 1: Creating 1000 Containers Concurrently
======================================================================
Queuing 1000 container creation operations...

✓ Created 1000 containers in 3.35s
  Throughput: 298.70 containers/second

======================================================================
  Listing All Containers
======================================================================
Fetching container list from server...

Total containers in account: 557

First 20 containers:
     1. container_0000       - 2033 objects, 12051000 bytes
     2. container_0001       - 1563 objects, 159073200 bytes
     3. container_0003       - 4665 objects, 64586000 bytes
     4. container_0004       -  110 objects,   324000 bytes
     5. container_0005       -  110 objects,   324000 bytes
     6. container_0006       -   10 objects,    46000 bytes
     7. container_0007       -   10 objects,    46000 bytes
     8. container_0008       -   10 objects,    46000 bytes
     9. container_0009       -    0 objects,        0 bytes
    10. container_0010       -   10 objects,    48000 bytes
    11. container_0011       -   10 objects,    48000 bytes
    12. container_0012       -   10 objects,    48000 bytes
    13. container_0013       -   10 objects,    48000 bytes
    14. container_0014       -    8 objects,    38400 bytes
    15. container_0015       -   10 objects,    48000 bytes
    16. container_0017       -   10 objects,    48000 bytes
    17. container_0018       -   10 objects,    48000 bytes
    18. container_0020       -    2 objects,     9600 bytes
    19. container_0021       -    2 objects,     9600 bytes
    20. container_0022       -    8 objects,    38400 bytes

  ... (517 more containers) ...

Last 20 containers:
   538. container_0940       -    4 objects,    20000 bytes
   539. container_0944       -    0 objects,        0 bytes
   540. container_0945       -   10 objects,    50000 bytes
   541. container_0948       -    6 objects,    30000 bytes
   542. container_0961       -    0 objects,        0 bytes
   543. container_0962       -   10 objects,    50000 bytes
   544. container_0964       -    5 objects,    25000 bytes
   545. container_0966       -    4 objects,    20000 bytes
   546. container_0970       -   10 objects,    50000 bytes
   547. container_0971       -    3 objects,    15000 bytes
   548. container_0972       -   10 objects,    50000 bytes
   549. container_0975       -    0 objects,        0 bytes
   550. container_0977       -    3 objects,    15000 bytes
   551. container_0978       -   10 objects,    50000 bytes
   552. container_0983       -    6 objects,    30000 bytes
   553. container_0984       -    0 objects,        0 bytes
   554. container_0986       -   10 objects,    50000 bytes
   555. container_0996       -   10 objects,    50000 bytes
   556. container_0997       -    6 objects,    30000 bytes
   557. container_0998       -   10 objects,    50000 bytes

======================================================================
  Test 1.5: Filling All 1000 Containers with Data
======================================================================
Preparing to upload 10 objects to each of 1000 containers...
Total: 10,000 objects across 1000 containers
Queued 10000 upload operations
Waiting for completion...

✓ Filled all 1000 containers in 12.27s
  Total objects uploaded: 10000
  Throughput: 815.12 objects/second
  Data uploaded: ~100 MB

Verifying containers now have data...
✓ 546/557 containers now contain data

Sample of filled containers (first 10):
  container_0000       - 2033 objects, 12051000 bytes
  container_0001       - 1563 objects, 159073200 bytes
  container_0003       - 4665 objects, 64586000 bytes
  container_0004       -  110 objects,   324000 bytes
  container_0005       -  110 objects,   324000 bytes
  container_0006       -   10 objects,    46000 bytes
  container_0007       -   10 objects,    46000 bytes
  container_0008       -   10 objects,    46000 bytes
  container_0009       -    5 objects,    23000 bytes
  container_0010       -   10 objects,    48000 bytes

======================================================================
  Test 2: Additional Batch Upload (5000 Objects to container_0000)
======================================================================
Preparing to upload 5000 objects (~50000KB total)

✓ Uploaded 5000 objects in 11.16s
  Average: 2.23ms per object

======================================================================
  Test 3: Batch Download (5000 Objects Concurrently)
======================================================================

✓ Downloaded 5000 objects in 8.55s
  Average: 1.71ms per object

Verifying sample of downloaded data (first 100 objects)...
✓ Verified 100/100 sample objects (all 5000 downloaded)

======================================================================
  Test 4: Mixed Operations (2000 Uploads + 2000 Downloads)
======================================================================

✓ Completed 4000 mixed operations in 4.35s

======================================================================
  Test 5: File Upload/Download Operations (500 Files)
======================================================================
Created 500 test files (~25MB total)
✓ Uploaded 500 files
✓ Downloaded 500 files

Verifying file contents...
✓ Verified 0/500 files
  ⚠ 500 files were not downloaded (may still be in queue)

======================================================================
  Test 6: MASSIVE Batch with Progress Tracking (10000 Objects)
======================================================================
Preparing massive batch: 10000 objects (~500MB total)

✓ Completed 10000 uploads in 38.22s
  Throughput: 261.65 operations/second
  Data rate: 13.08 MB/s

======================================================================
  Final Statistics
======================================================================
Total Operations:     36000
Successful:           9434
Failed:               26566
Success Rate:         26.2%
Average Duration:     1648.45ms
Total Duration:       59344.31s

======================================================================
  Performance Comparison (Sequential vs 1000 Threads)
======================================================================

Sequential upload (100 objects, 10KB each)...
  Time: 0.46s
  Throughput: 217.30 ops/s

Concurrent upload (100 objects, 10KB each, 1000 threads)...
  Time: 0.35s
  Throughput: 282.58 ops/s

✓ Speedup: 1.30x faster with 1000-thread multithreading
  Sequential: 0.46s
  Concurrent: 0.35s

======================================================================
  Cleanup
======================================================================
✓ Worker threads stopped

======================================================================
  ✓ All multithreaded tests passed!
======================================================================
